<?xml version="1.0" encoding="UTF-8"?>
<!-- Generated by org.testng.reporters.JUnitXMLReporter -->
<testsuite hostname="DESKTOP-UO2MRR8" ignored="0" name="AmazonSearchDDT" tests="9" failures="0" timestamp="2022-08-25T13:04:10 IST" time="185.264" errors="0">
  <testcase name="loginCredentials" time="3.499" classname="com.Amazon.testCases.DDTSearchCaseAmazon"/>
  <testcase name="searchUsingDDT" time="21.059" classname="com.Amazon.testCases.DDTSearchCaseAmazon"/>
  <testcase name="searchUsingDDT" time="12.926" classname="com.Amazon.testCases.DDTSearchCaseAmazon"/>
  <testcase name="searchUsingDDT" time="28.202" classname="com.Amazon.testCases.DDTSearchCaseAmazon"/>
  <testcase name="searchUsingDDT" time="25.436" classname="com.Amazon.testCases.DDTSearchCaseAmazon"/>
  <testcase name="searchUsingDDT" time="20.673" classname="com.Amazon.testCases.DDTSearchCaseAmazon"/>
  <testcase name="searchUsingDDT" time="17.398" classname="com.Amazon.testCases.DDTSearchCaseAmazon"/>
  <testcase name="searchUsingDDT" time="19.556" classname="com.Amazon.testCases.DDTSearchCaseAmazon"/>
  <testcase name="searchUsingDDT" time="15.709" classname="com.Amazon.testCases.DDTSearchCaseAmazon"/>
</testsuite> <!-- AmazonSearchDDT -->
