<?xml version="1.0" encoding="UTF-8"?>
<!-- Generated by org.testng.reporters.JUnitXMLReporter -->
<testsuite hostname="DESKTOP-UO2MRR8" ignored="0" name="AmazonLoginDDT" tests="3" failures="1" timestamp="2022-08-25T13:02:05 IST" time="103.092" errors="0">
  <testcase name="loginUsingDDT" time="23.844" classname="com.Amazon.testCases.DDTLoginCaseAmazon"/>
  <testcase name="loginUsingDDT" time="38.711" classname="com.Amazon.testCases.DDTLoginCaseAmazon">
    <failure type="java.lang.AssertionError" message="expected [true] but found [false]">
      <![CDATA[java.lang.AssertionError: expected [true] but found [false]
at com.Amazon.testCases.DDTLoginCaseAmazon.loginUsingDDT(DDTLoginCaseAmazon.java:56)
at java.util.ArrayList.forEach(ArrayList.java:1259)
at java.util.concurrent.FutureTask.run(FutureTask.java:266)
at java.util.concurrent.ThreadPoolExecutor.runWorker(ThreadPoolExecutor.java:1149)
at java.util.concurrent.ThreadPoolExecutor$Worker.run(ThreadPoolExecutor.java:624)
at java.lang.Thread.run(Thread.java:750)
... Removed 22 stack frames]]>
    </failure>
  </testcase> <!-- loginUsingDDT -->
  <testcase name="loginUsingDDT" time="13.097" classname="com.Amazon.testCases.DDTLoginCaseAmazon"/>
</testsuite> <!-- AmazonLoginDDT -->
