<?xml version="1.0" encoding="UTF-8"?>
<!-- Generated by org.testng.reporters.JUnitXMLReporter -->
<testsuite hostname="DESKTOP-UO2MRR8" ignored="0" name="CountriesListTest" tests="2" failures="0" timestamp="2022-08-26T11:16:42 IST" time="76.286" errors="0">
  <testcase name="aloginCredentials" time="4.312" classname="com.Amazon.testCases.CountriesDDCaseAmazon"/>
  <testcase name="getCountriesList" time="48.082" classname="com.Amazon.testCases.CountriesDDCaseAmazon"/>
</testsuite> <!-- CountriesListTest -->
