<?xml version="1.0" encoding="UTF-8"?>
<!-- Generated by org.testng.reporters.JUnitXMLReporter -->
<testsuite hostname="DESKTOP-UO2MRR8" ignored="0" name="KnowItemsListTest" tests="3" failures="0" timestamp="2022-08-25T13:05:45 IST" time="95.406" errors="0">
  <testcase name="aloginCredentials" time="3.535" classname="com.Amazon.testCases.GoodsType"/>
  <testcase name="knowAllItems1" time="15.307" classname="com.Amazon.testCases.GoodsType"/>
  <testcase name="knowAllItems2" time="56.895" classname="com.Amazon.testCases.GoodsType"/>
</testsuite> <!-- KnowItemsListTest -->
