<?xml version="1.0" encoding="UTF-8"?>
<!-- Generated by org.testng.reporters.JUnitXMLReporter -->
<testsuite hostname="DESKTOP-UO2MRR8" ignored="0" name="AmazonSearchDDT" tests="9" failures="0" timestamp="2022-08-28T13:58:47 IST" time="128.203" errors="0">
  <testcase name="loginCredentials" time="2.946" classname="com.Amazon.testCases.DDTSearchCaseAmazon"/>
  <testcase name="searchUsingDDT" time="18.816" classname="com.Amazon.testCases.DDTSearchCaseAmazon"/>
  <testcase name="searchUsingDDT" time="6.831" classname="com.Amazon.testCases.DDTSearchCaseAmazon"/>
  <testcase name="searchUsingDDT" time="16.801" classname="com.Amazon.testCases.DDTSearchCaseAmazon"/>
  <testcase name="searchUsingDDT" time="15.346" classname="com.Amazon.testCases.DDTSearchCaseAmazon"/>
  <testcase name="searchUsingDDT" time="18.618" classname="com.Amazon.testCases.DDTSearchCaseAmazon"/>
  <testcase name="searchUsingDDT" time="10.639" classname="com.Amazon.testCases.DDTSearchCaseAmazon"/>
  <testcase name="searchUsingDDT" time="11.576" classname="com.Amazon.testCases.DDTSearchCaseAmazon"/>
  <testcase name="searchUsingDDT" time="8.851" classname="com.Amazon.testCases.DDTSearchCaseAmazon"/>
</testsuite> <!-- AmazonSearchDDT -->
