<?xml version="1.0" encoding="UTF-8"?>
<!-- Generated by org.testng.reporters.JUnitXMLReporter -->
<testsuite hostname="DESKTOP-UO2MRR8" ignored="0" name="AmazonLoginDDT" tests="3" failures="1" timestamp="2022-08-28T13:56:38 IST" time="103.447" errors="0">
  <testcase name="loginUsingDDT" time="24.965" classname="com.Amazon.testCases.DDTLoginCaseAmazon"/>
  <testcase name="loginUsingDDT" time="36.85" classname="com.Amazon.testCases.DDTLoginCaseAmazon">
    <failure type="java.lang.AssertionError" message="expected [true] but found [false]">
      <![CDATA[java.lang.AssertionError: expected [true] but found [false]
at com.Amazon.testCases.DDTLoginCaseAmazon.loginUsingDDT(DDTLoginCaseAmazon.java:59)
at java.util.ArrayList.forEach(ArrayList.java:1259)
... Removed 31 stack frames]]>
    </failure>
  </testcase> <!-- loginUsingDDT -->
  <testcase name="loginUsingDDT" time="6.893" classname="com.Amazon.testCases.DDTLoginCaseAmazon"/>
</testsuite> <!-- AmazonLoginDDT -->
