<?xml version="1.0" encoding="UTF-8"?>
<!-- Generated by org.testng.reporters.JUnitXMLReporter -->
<testsuite hostname="DESKTOP-UO2MRR8" ignored="0" name="CountriesListTest" tests="2" failures="0" timestamp="2022-08-29T15:47:53 IST" time="61.276" errors="0">
  <testcase name="aloginCredentials" time="3.294" classname="com.Amazon.testCases.CountriesDDCaseAmazon"/>
  <testcase name="getCountriesList" time="32.113" classname="com.Amazon.testCases.CountriesDDCaseAmazon"/>
</testsuite> <!-- CountriesListTest -->
