<?xml version="1.0" encoding="UTF-8"?>
<!-- Generated by org.testng.reporters.JUnitXMLReporter -->
<testsuite hostname="DESKTOP-UO2MRR8" ignored="0" name="KnowItemsListTest" tests="3" failures="0" timestamp="2022-08-28T14:00:29 IST" time="100.166" errors="0">
  <testcase name="aloginCredentials" time="4.331" classname="com.Amazon.testCases.GoodsType"/>
  <testcase name="knowAllItems1" time="18.002" classname="com.Amazon.testCases.GoodsType"/>
  <testcase name="knowAllItems2" time="58.794" classname="com.Amazon.testCases.GoodsType"/>
</testsuite> <!-- KnowItemsListTest -->
