<?xml version="1.0" encoding="UTF-8"?>
<!-- Generated by org.testng.reporters.JUnitXMLReporter -->
<testsuite hostname="DESKTOP-UO2MRR8" ignored="0" name="SlideImageLinkTest" tests="2" failures="0" timestamp="2022-08-28T14:03:00 IST" time="85.766" errors="0">
  <testcase name="SlideImageLinkValidation" time="65.6" classname="com.Amazon.testCases.GettingSlideImageLinkCaseAmazon"/>
  <testcase name="aloginCredentials" time="2.402" classname="com.Amazon.testCases.GettingSlideImageLinkCaseAmazon"/>
</testsuite> <!-- SlideImageLinkTest -->
